<?xml version="1.0" encoding="UTF-8"?>
<!-- Generated by org.testng.reporters.JUnitXMLReporter -->
<testsuite ignored="0" hostname="DESKTOP-I0LFD2B" failures="0" tests="5" name="Command line test" time="0.027" errors="0" timestamp="2021-04-10T22:28:15 IST">
  <testcase classname="testsuite.Testcase1" name="test1" time="0.002"/>
  <testcase classname="testsuite.Testcase1" name="test2" time="0.0"/>
  <testcase classname="testsuite.Testcase1" name="otherTest" time="0.0"/>
  <testcase classname="testsuite.Testcase2" name="test3" time="0.0"/>
  <testcase classname="testsuite.Testcase2" name="test4" time="0.0"/>
</testsuite> <!-- Command line test -->
