<?xml version="1.0" encoding="UTF-8"?>
<testng-results ignored="0" total="1" passed="1" failed="0" skipped="0">
  <reporter-output>
  </reporter-output>
  <suite started-at="2021-04-10T22:42:20 IST" name="Suite" finished-at="2021-04-10T22:42:30 IST" duration-ms="9403">
    <groups>
    </groups>
    <test started-at="2021-04-10T22:42:20 IST" name="Test" finished-at="2021-04-10T22:42:30 IST" duration-ms="9403">
      <class name="testsuite.NewLoginTest">
        <test-method is-config="true" signature="SetUp()[pri:0, instance:testsuite.NewLoginTest@f79e]" started-at="2021-04-10T22:42:20 IST" name="SetUp" finished-at="2021-04-10T22:42:24 IST" duration-ms="3428" status="PASS">
          <reporter-output>
          </reporter-output>
        </test-method> <!-- SetUp -->
        <test-method signature="Login(java.lang.String, java.lang.String)[pri:0, instance:testsuite.NewLoginTest@f79e]" started-at="2021-04-10T22:42:24 IST" name="Login" finished-at="2021-04-10T22:42:30 IST" duration-ms="5951" status="PASS">
          <params>
            <param index="0">
              <value>
                <![CDATA[abc@xyz]]>
              </value>
            </param>
            <param index="1">
              <value>
                <![CDATA[Pass@123]]>
              </value>
            </param>
          </params>
          <reporter-output>
          </reporter-output>
        </test-method> <!-- Login -->
        <test-method is-config="true" signature="tearDown()[pri:0, instance:testsuite.NewLoginTest@f79e]" started-at="2021-04-10T22:42:30 IST" name="tearDown" finished-at="2021-04-10T22:42:30 IST" duration-ms="0" status="PASS">
          <reporter-output>
          </reporter-output>
        </test-method> <!-- tearDown -->
      </class> <!-- testsuite.NewLoginTest -->
    </test> <!-- Test -->
  </suite> <!-- Suite -->
</testng-results>
