<?xml version="1.0" encoding="UTF-8"?>
<testng-results skipped="0" failed="0" ignored="0" total="1" passed="1">
  <reporter-output>
  </reporter-output>
  <suite name="Suite" duration-ms="9706" started-at="2021-04-11T19:37:24 IST" finished-at="2021-04-11T19:37:34 IST">
    <groups>
    </groups>
    <test name="Test" duration-ms="9706" started-at="2021-04-11T19:37:24 IST" finished-at="2021-04-11T19:37:34 IST">
      <class name="testsuite.ApachePOI">
        <test-method status="PASS" signature="SetUp()[pri:0, instance:testsuite.ApachePOI@1e965684]" name="SetUp" is-config="true" duration-ms="3868" started-at="2021-04-11T19:37:24 IST" finished-at="2021-04-11T19:37:28 IST">
          <reporter-output>
          </reporter-output>
        </test-method> <!-- SetUp -->
        <test-method status="PASS" signature="Login()[pri:0, instance:testsuite.ApachePOI@1e965684]" name="Login" duration-ms="5816" started-at="2021-04-11T19:37:28 IST" finished-at="2021-04-11T19:37:34 IST">
          <reporter-output>
          </reporter-output>
        </test-method> <!-- Login -->
        <test-method status="PASS" signature="tearDown()[pri:0, instance:testsuite.ApachePOI@1e965684]" name="tearDown" is-config="true" duration-ms="0" started-at="2021-04-11T19:37:34 IST" finished-at="2021-04-11T19:37:34 IST">
          <reporter-output>
          </reporter-output>
        </test-method> <!-- tearDown -->
      </class> <!-- testsuite.ApachePOI -->
    </test> <!-- Test -->
  </suite> <!-- Suite -->
</testng-results>
